<?xml version="1.0" encoding="UTF-8"?>
<!-- Generated by org.testng.reporters.JUnitReportReporter -->
<testsuite hostname="DESKTOP-HFOS23S" failures="0" tests="1" name="com.restTestDummyApi.GetAllEmployees" time="3.737" errors="0" timestamp="2023-07-17T19:16:10 CDT" skipped="0">
  <testcase classname="com.restTestDummyApi.GetAllEmployees" name="loginToApi1" time="3.737"/>
  <system-out/>
</testsuite> <!-- com.restTestDummyApi.GetAllEmployees -->
