<?xml version="1.0" encoding="UTF-8"?>
<!-- Generated by org.testng.reporters.JUnitReportReporter -->
<testsuite hostname="DESKTOP-HFOS23S" failures="0" tests="1" name="com.restTestDummyApi.DummyGetUser" time="3.563" errors="0" timestamp="2023-07-17T18:18:42 CDT" skipped="0">
  <testcase classname="com.restTestDummyApi.DummyGetUser" name="Dummy" time="3.563"/>
  <system-out/>
</testsuite> <!-- com.restTestDummyApi.DummyGetUser -->
