<?xml version="1.0" encoding="UTF-8"?>
<!-- Generated by org.testng.reporters.JUnitReportReporter -->
<testsuite hostname="DESKTOP-HFOS23S" failures="0" tests="1" name="com.restTestDummyApi.GetAllEmployees_2" time="3.573" errors="0" timestamp="2023-07-17T21:45:27 CDT" skipped="0">
  <testcase classname="com.restTestDummyApi.GetAllEmployees_2" name="getEmployees" time="3.573"/>
  <system-out/>
</testsuite> <!-- com.restTestDummyApi.GetAllEmployees_2 -->
