<?xml version="1.0" encoding="UTF-8"?>
<!-- Generated by org.testng.reporters.JUnitReportReporter -->
<testsuite hostname="DESKTOP-HFOS23S" failures="0" tests="1" name="com.restTestDummyApi.DeleteEmployee_Negative" time="2.817" errors="0" timestamp="2023-07-17T21:41:06 CDT" skipped="0">
  <testcase classname="com.restTestDummyApi.DeleteEmployee_Negative" name="deleteEmployee" time="2.817"/>
  <system-out/>
</testsuite> <!-- com.restTestDummyApi.DeleteEmployee_Negative -->
