<?xml version="1.0" encoding="UTF-8"?>
<!-- Generated by org.testng.reporters.JUnitReportReporter -->
<testsuite hostname="DESKTOP-HFOS23S" failures="0" tests="1" name="com.restTestDummyApi.DummyUserCreate" time="3.419" errors="0" timestamp="2023-07-17T15:16:32 CDT" skipped="0">
  <testcase classname="com.restTestDummyApi.DummyUserCreate" name="Dummy" time="3.419"/>
  <system-out/>
</testsuite> <!-- com.restTestDummyApi.DummyUserCreate -->
