<?xml version="1.0" encoding="UTF-8"?>
<!-- Generated by org.testng.reporters.JUnitReportReporter -->
<testsuite hostname="DESKTOP-HFOS23S" failures="0" tests="1" name="com.restTestDummyApi.CreateEmployee" time="5.323" errors="0" timestamp="2023-07-17T19:34:16 CDT" skipped="0">
  <testcase classname="com.restTestDummyApi.CreateEmployee" name="createEmployee" time="5.323"/>
  <system-out/>
</testsuite> <!-- com.restTestDummyApi.CreateEmployee -->
