<?xml version="1.0" encoding="UTF-8"?>
<!-- Generated by org.testng.reporters.JUnitReportReporter -->
<testsuite hostname="DESKTOP-HFOS23S" failures="0" tests="1" name="com.restTests.simpleTests.GetAllEmployees" time="2.762" errors="0" timestamp="2023-07-17T18:27:40 CDT" skipped="0">
  <testcase classname="com.restTests.simpleTests.GetAllEmployees" name="loginToApi1" time="2.762"/>
  <system-out/>
</testsuite> <!-- com.restTests.simpleTests.GetAllEmployees -->
